2025-07-19 21:43:44,208 INFO o.a.j.u.JMeterUtils: Setting Locale to en_EN
2025-07-19 21:43:44,224 INFO o.a.j.JMeter: Loading user properties from: D:\Automation_Testing\Jmeter\apache-jmeter-5.6.3\bin\user.properties
2025-07-19 21:43:44,225 INFO o.a.j.JMeter: Loading system properties from: D:\Automation_Testing\Jmeter\apache-jmeter-5.6.3\bin\system.properties
2025-07-19 21:43:44,229 INFO o.a.j.JMeter: Copyright (c) 1998-2024 The Apache Software Foundation
2025-07-19 21:43:44,229 INFO o.a.j.JMeter: Version 5.6.3
2025-07-19 21:43:44,230 INFO o.a.j.JMeter: java.version=21.0.8
2025-07-19 21:43:44,230 INFO o.a.j.JMeter: java.vm.name=Java HotSpot(TM) 64-Bit Server VM
2025-07-19 21:43:44,230 INFO o.a.j.JMeter: os.name=Windows 11
2025-07-19 21:43:44,230 INFO o.a.j.JMeter: os.arch=amd64
2025-07-19 21:43:44,230 INFO o.a.j.JMeter: os.version=10.0
2025-07-19 21:43:44,230 INFO o.a.j.JMeter: file.encoding=UTF-8
2025-07-19 21:43:44,230 INFO o.a.j.JMeter: java.awt.headless=true
2025-07-19 21:43:44,230 INFO o.a.j.JMeter: Max memory     =1073741824
2025-07-19 21:43:44,230 INFO o.a.j.JMeter: Available Processors =12
2025-07-19 21:43:44,238 INFO o.a.j.JMeter: Default Locale=English (EN)
2025-07-19 21:43:44,238 INFO o.a.j.JMeter: JMeter  Locale=English (EN)
2025-07-19 21:43:44,238 INFO o.a.j.JMeter: JMeterHome=D:\Automation_Testing\Jmeter\apache-jmeter-5.6.3
2025-07-19 21:43:44,238 INFO o.a.j.JMeter: user.dir  =D:\Automation_Testing\Jmeter\Spotify API Testing Project
2025-07-19 21:43:44,239 INFO o.a.j.JMeter: PWD       =D:\Automation_Testing\Jmeter\Spotify API Testing Project
2025-07-19 21:43:44,243 INFO o.a.j.JMeter: IP: 192.168.29.254 Name: DESKTOP-N48P201 FullName: DESKTOP-N48P201
2025-07-19 21:43:44,254 INFO o.a.j.JMeter: Setting property 'jmeter.reportgenerator.outputdir' to:'D:\Automation_Testing\Jmeter\Spotify API Testing Project\HTML_REPORTS\REPORT_20250719_214343'
2025-07-19 21:43:44,256 INFO o.a.j.s.FileServer: Default base='D:\Automation_Testing\Jmeter\Spotify API Testing Project'
2025-07-19 21:43:44,258 INFO o.a.j.s.FileServer: Set new base='D:\Automation_Testing\Jmeter\Spotify API Testing Project'
2025-07-19 21:43:44,435 INFO o.a.j.s.SaveService: Testplan (JMX) version: 2.2. Testlog (JTL) version: 2.2
2025-07-19 21:43:44,469 INFO o.a.j.s.SaveService: Using SaveService properties version 5.0
2025-07-19 21:43:44,472 INFO o.a.j.s.SaveService: Using SaveService properties file encoding UTF-8
2025-07-19 21:43:44,475 INFO o.a.j.s.SaveService: Loading file: spotifyartistapitesting.jmx
2025-07-19 21:43:44,528 INFO o.a.j.p.h.s.HTTPSamplerBase: Parser for text/html is org.apache.jmeter.protocol.http.parser.LagartoBasedHtmlParser
2025-07-19 21:43:44,528 INFO o.a.j.p.h.s.HTTPSamplerBase: Parser for application/xhtml+xml is org.apache.jmeter.protocol.http.parser.LagartoBasedHtmlParser
2025-07-19 21:43:44,528 INFO o.a.j.p.h.s.HTTPSamplerBase: Parser for application/xml is org.apache.jmeter.protocol.http.parser.LagartoBasedHtmlParser
2025-07-19 21:43:44,528 INFO o.a.j.p.h.s.HTTPSamplerBase: Parser for text/xml is org.apache.jmeter.protocol.http.parser.LagartoBasedHtmlParser
2025-07-19 21:43:44,528 INFO o.a.j.p.h.s.HTTPSamplerBase: Parser for text/vnd.wap.wml is org.apache.jmeter.protocol.http.parser.RegexpHTMLParser
2025-07-19 21:43:44,528 INFO o.a.j.p.h.s.HTTPSamplerBase: Parser for text/css is org.apache.jmeter.protocol.http.parser.CssParser
2025-07-19 21:43:44,587 INFO o.a.j.JMeter: Creating summariser <summary>
2025-07-19 21:43:44,591 INFO o.a.j.r.d.ReportGenerator: ReportGenerator will use for Parsing the separator: ','
2025-07-19 21:43:44,591 INFO o.a.j.r.d.ReportGenerator: Will generate report at end of test from  results file: results/results_20250719_214343.csv
2025-07-19 21:43:44,591 INFO o.a.j.r.d.ReportGenerator: Reading report generator properties from: D:\Automation_Testing\Jmeter\apache-jmeter-5.6.3\bin\reportgenerator.properties
2025-07-19 21:43:44,592 INFO o.a.j.r.d.ReportGenerator: Merging with JMeter properties
2025-07-19 21:43:44,594 INFO o.a.j.r.c.ReportGeneratorConfiguration: Property 'jmeter.reportgenerator.temp_dir' not found, using default value 'temp' instead.
2025-07-19 21:43:44,597 INFO o.a.j.r.c.ReportGeneratorConfiguration: Property 'jmeter.reportgenerator.apdex_per_transaction' not found, using default value 'null' instead.
2025-07-19 21:43:44,597 INFO o.a.j.r.c.ReportGeneratorConfiguration: apdex_per_transaction is empty, not APDEX per transaction customization
2025-07-19 21:43:44,597 INFO o.a.j.r.c.ReportGeneratorConfiguration: Property 'jmeter.reportgenerator.sample_filter' not found, using default value 'null' instead.
2025-07-19 21:43:44,597 INFO o.a.j.r.c.ReportGeneratorConfiguration: Property 'jmeter.reportgenerator.report_title' not found, using default value 'null' instead.
2025-07-19 21:43:44,597 INFO o.a.j.r.c.ReportGeneratorConfiguration: Property 'jmeter.reportgenerator.start_date' not found, using default value 'null' instead.
2025-07-19 21:43:44,597 INFO o.a.j.r.c.ReportGeneratorConfiguration: Property 'jmeter.reportgenerator.end_date' not found, using default value 'null' instead.
2025-07-19 21:43:44,597 INFO o.a.j.r.c.ReportGeneratorConfiguration: Property 'jmeter.reportgenerator.date_format' not found, using default value 'null' instead.
2025-07-19 21:43:44,598 INFO o.a.j.r.c.ReportGeneratorConfiguration: Will use date range start date: null, end date: null
2025-07-19 21:43:44,601 INFO o.a.j.r.c.ReportGeneratorConfiguration: Property 'jmeter.reportgenerator.graph.totalTPS.exclude_controllers' not found, using default value 'false' instead.
2025-07-19 21:43:44,601 INFO o.a.j.r.c.ReportGeneratorConfiguration: Property 'jmeter.reportgenerator.graph.activeThreadsOverTime.exclude_controllers' not found, using default value 'false' instead.
2025-07-19 21:43:44,601 INFO o.a.j.r.c.ReportGeneratorConfiguration: Property 'jmeter.reportgenerator.graph.timeVsThreads.exclude_controllers' not found, using default value 'false' instead.
2025-07-19 21:43:44,601 INFO o.a.j.r.c.ReportGeneratorConfiguration: Property 'jmeter.reportgenerator.graph.responseTimeDistribution.exclude_controllers' not found, using default value 'false' instead.
2025-07-19 21:43:44,601 INFO o.a.j.r.c.ReportGeneratorConfiguration: Property 'jmeter.reportgenerator.graph.transactionsPerSecond.exclude_controllers' not found, using default value 'false' instead.
2025-07-19 21:43:44,601 INFO o.a.j.r.c.ReportGeneratorConfiguration: Property 'jmeter.reportgenerator.graph.responseTimePercentiles.exclude_controllers' not found, using default value 'false' instead.
2025-07-19 21:43:44,601 INFO o.a.j.r.c.ReportGeneratorConfiguration: Property 'jmeter.reportgenerator.graph.responseTimePercentilesOverTime.exclude_controllers' not found, using default value 'false' instead.
2025-07-19 21:43:44,602 INFO o.a.j.r.c.ReportGeneratorConfiguration: Property 'jmeter.reportgenerator.graph.responseTimesOverTime.exclude_controllers' not found, using default value 'false' instead.
2025-07-19 21:43:44,602 INFO o.a.j.r.c.ReportGeneratorConfiguration: Property 'jmeter.reportgenerator.graph.connectTimeOverTime.exclude_controllers' not found, using default value 'false' instead.
2025-07-19 21:43:44,602 INFO o.a.j.r.c.ReportGeneratorConfiguration: Property 'jmeter.reportgenerator.graph.latenciesOverTime.exclude_controllers' not found, using default value 'false' instead.
2025-07-19 21:43:44,602 INFO o.a.j.r.c.ReportGeneratorConfiguration: Property 'jmeter.reportgenerator.exporter.json.filters_only_sample_series' not found, using default value 'true' instead.
2025-07-19 21:43:44,602 INFO o.a.j.r.c.ReportGeneratorConfiguration: Property 'jmeter.reportgenerator.exporter.json.series_filter' not found, using default value '' instead.
2025-07-19 21:43:44,602 INFO o.a.j.r.c.ReportGeneratorConfiguration: Property 'jmeter.reportgenerator.exporter.json.show_controllers_only' not found, using default value 'false' instead.
2025-07-19 21:43:44,603 INFO o.a.j.r.c.ReportGeneratorConfiguration: Property 'jmeter.reportgenerator.exporter.html.filters_only_sample_series' not found, using default value 'true' instead.
2025-07-19 21:43:44,603 INFO o.a.j.r.c.ReportGeneratorConfiguration: Property 'jmeter.reportgenerator.exporter.html.series_filter' not found, using default value '' instead.
2025-07-19 21:43:44,603 INFO o.a.j.r.c.ReportGeneratorConfiguration: Property 'jmeter.reportgenerator.exporter.html.show_controllers_only' not found, using default value 'false' instead.
2025-07-19 21:43:44,614 INFO o.a.j.e.StandardJMeterEngine: Running the test!
2025-07-19 21:43:44,615 INFO o.a.j.s.SampleEvent: List of sample_variables: []
2025-07-19 21:43:44,615 INFO o.a.j.s.SampleEvent: List of sample_variables: []
2025-07-19 21:43:44,619 INFO o.a.j.e.u.CompoundVariable: Note: Function class names must contain the string: '.functions.'
2025-07-19 21:43:44,619 INFO o.a.j.e.u.CompoundVariable: Note: Function class names must not contain the string: '.gui.'
2025-07-19 21:43:44,841 INFO o.a.j.JMeter: Running test (1752941624841)
2025-07-19 21:43:44,857 INFO o.a.j.e.StandardJMeterEngine: Starting ThreadGroup: 1 : No_of_user_count
2025-07-19 21:43:44,858 INFO o.a.j.e.StandardJMeterEngine: Starting 5 threads for group No_of_user_count.
2025-07-19 21:43:44,858 INFO o.a.j.e.StandardJMeterEngine: Thread will continue on error
2025-07-19 21:43:44,858 INFO o.a.j.t.ThreadGroup: Starting thread group... number=1 threads=5 ramp-up=10 delayedStart=false
2025-07-19 21:43:44,865 INFO o.a.j.t.ThreadGroup: Started thread group number 1
2025-07-19 21:43:44,865 INFO o.a.j.e.StandardJMeterEngine: All thread groups have been started
2025-07-19 21:43:44,871 INFO o.a.j.t.JMeterThread: Thread started: No_of_user_count 1-1
2025-07-19 21:43:44,872 INFO o.a.j.s.FileServer: Stored: D:/Automation_Testing/Jmeter/Spotify API Testing Project/Artists.csv
2025-07-19 21:43:44,884 INFO o.a.j.s.FileServer: Stored: D:/Automation_Testing/Jmeter/Spotify API Testing Project/security.csv
2025-07-19 21:43:45,536 INFO o.a.j.p.h.s.HTTPHCAbstractImpl: Local host = DESKTOP-N48P201
2025-07-19 21:43:45,542 INFO o.a.j.p.h.s.HTTPHC4Impl: HTTP request retry count = 0
2025-07-19 21:43:45,543 INFO o.a.j.s.SampleResult: Note: Sample TimeStamps are START times
2025-07-19 21:43:45,543 INFO o.a.j.s.SampleResult: sampleresult.default.encoding is set to UTF-8
2025-07-19 21:43:45,543 INFO o.a.j.s.SampleResult: sampleresult.useNanoTime=true
2025-07-19 21:43:45,543 INFO o.a.j.s.SampleResult: sampleresult.nanoThreadSleep=5000
2025-07-19 21:43:45,641 INFO o.a.j.p.h.s.h.LazyLayeredConnectionSocketFactory: Setting up HTTPS TrustAll Socket Factory
2025-07-19 21:43:45,646 INFO o.a.j.u.JsseSSLManager: Using default SSL protocol: TLS
2025-07-19 21:43:45,646 INFO o.a.j.u.JsseSSLManager: SSL session context: per-thread
2025-07-19 21:43:45,733 INFO o.a.j.u.SSLManager: JmeterKeyStore Location:  type JKS
2025-07-19 21:43:45,737 INFO o.a.j.u.SSLManager: KeyStore created OK
2025-07-19 21:43:45,737 WARN o.a.j.u.SSLManager: Keystore file not found, loading empty keystore
2025-07-19 21:43:46,153 INFO o.a.j.m.J.JSR223 PreProcessor: Bearer Token: BQCRFOfYB0q-8mcmRmgFQ4VeRPTKiwouAss3JB_Gpg7KPpBe55JnTiugcvnOQkLIn0lBt9DFyrXIjS0G8_G1ujclLSwHz1V3m-Dl8_mgmoynk050bFNcitxaFQ6pXdzDyWWK2KZe2WE
2025-07-19 21:43:46,764 INFO o.a.j.a.J.JSR223 Assertion: ✅ Response contains expected keyword: 'coco moon'
2025-07-19 21:43:46,868 INFO o.a.j.t.JMeterThread: Thread started: No_of_user_count 1-2
2025-07-19 21:43:46,994 INFO o.a.j.a.J.JSR223 Assertion: ✅ Response contains expected keyword: 'fireflies'
2025-07-19 21:43:46,994 INFO o.a.j.t.JMeterThread: Thread is done: No_of_user_count 1-1
2025-07-19 21:43:46,995 INFO o.a.j.t.JMeterThread: Thread finished: No_of_user_count 1-1
2025-07-19 21:43:47,125 INFO o.a.j.m.J.JSR223 PreProcessor: Bearer Token: BQBmRCR_4lAHSZLETfiwUt6aSv64lpuPLmJMaM_uWUIqupzcAJqmdZ1H_3I1O1obfjWHjbDj_1IGH_Gt7wajaATt-y_W_hsoSqQ-OPBHVSpdQLFvIbpCAdJb16sfvrRBxIDnWpAIx40
2025-07-19 21:43:47,640 INFO o.a.j.a.J.JSR223 Assertion: ✅ Response contains expected keyword: 'revival'
2025-07-19 21:43:47,895 INFO o.a.j.a.J.JSR223 Assertion: ✅ Response contains expected keyword: 'without me'
2025-07-19 21:43:47,895 INFO o.a.j.t.JMeterThread: Thread is done: No_of_user_count 1-2
2025-07-19 21:43:47,895 INFO o.a.j.t.JMeterThread: Thread finished: No_of_user_count 1-2
2025-07-19 21:43:48,868 INFO o.a.j.t.JMeterThread: Thread started: No_of_user_count 1-3
2025-07-19 21:43:49,104 INFO o.a.j.m.J.JSR223 PreProcessor: Bearer Token: BQBS7L6NWIz0k9z9omlSH5f_kTqpzteUa0L9WAWAfahFD-dZSZ4Qa87jTZqRtOB4uv1goNjzPzM3RX6CPqOypZGRQFKb1RwYaTreO1jWruyFbKf88lBSWr4UIop5lqS6pPHrlkLTogM
2025-07-19 21:43:49,608 INFO o.a.j.a.J.JSR223 Assertion: ✅ Response contains expected keyword: 'coco moon'
2025-07-19 21:43:49,865 INFO o.a.j.a.J.JSR223 Assertion: ✅ Response contains expected keyword: 'fireflies'
2025-07-19 21:43:49,866 INFO o.a.j.t.JMeterThread: Thread is done: No_of_user_count 1-3
2025-07-19 21:43:49,866 INFO o.a.j.t.JMeterThread: Thread finished: No_of_user_count 1-3
2025-07-19 21:43:50,867 INFO o.a.j.t.JMeterThread: Thread started: No_of_user_count 1-4
2025-07-19 21:43:51,103 INFO o.a.j.m.J.JSR223 PreProcessor: Bearer Token: BQDtl5yipOq6SCBakVAdTuDFpSY_0QEXxrE2rWYWfoRkccABsWa0yF0Xw6DWWAz0VqvzqpImVLRfLcfPfa9Uk5_vdoUCbz3MEfnv-W0uPl0MCLtBiQ5ViHjRmSenfi0vv0Ukd-bmJ1U
2025-07-19 21:43:51,619 INFO o.a.j.a.J.JSR223 Assertion: ✅ Response contains expected keyword: 'revival'
2025-07-19 21:43:51,854 INFO o.a.j.a.J.JSR223 Assertion: ✅ Response contains expected keyword: 'without me'
2025-07-19 21:43:51,855 INFO o.a.j.t.JMeterThread: Thread is done: No_of_user_count 1-4
2025-07-19 21:43:51,855 INFO o.a.j.t.JMeterThread: Thread finished: No_of_user_count 1-4
2025-07-19 21:43:52,866 INFO o.a.j.t.JMeterThread: Thread started: No_of_user_count 1-5
2025-07-19 21:43:53,104 INFO o.a.j.m.J.JSR223 PreProcessor: Bearer Token: BQD4Lw_M4tae-xkE6XDpExVZS-I4gsPzF_rxRQWsO_JaGslAXeh8sx4wRE2O-6eoJdquj1drUUe02trzeEyUkuBMRZy-SNsByWymZO8KidNDoM9hH2PirQpP857zM0_2flOsFnVrDnw
2025-07-19 21:43:53,614 INFO o.a.j.a.J.JSR223 Assertion: ✅ Response contains expected keyword: 'coco moon'
2025-07-19 21:43:53,839 INFO o.a.j.a.J.JSR223 Assertion: ✅ Response contains expected keyword: 'fireflies'
2025-07-19 21:43:53,840 INFO o.a.j.t.JMeterThread: Thread is done: No_of_user_count 1-5
2025-07-19 21:43:53,840 INFO o.a.j.t.JMeterThread: Thread finished: No_of_user_count 1-5
2025-07-19 21:43:53,841 INFO o.a.j.e.StandardJMeterEngine: Notifying test listeners of end of test
2025-07-19 21:43:53,841 INFO o.a.j.s.FileServer: Close: D:/Automation_Testing/Jmeter/Spotify API Testing Project/Artists.csv
2025-07-19 21:43:53,841 INFO o.a.j.s.FileServer: Close: D:/Automation_Testing/Jmeter/Spotify API Testing Project/security.csv
2025-07-19 21:43:53,847 INFO o.a.j.r.Summariser: summary =     20 in 00:00:09 =    2.2/s Avg:   257 Min:   215 Max:   486 Err:     0 (0.00%)
2025-07-19 21:43:53,847 INFO o.a.j.JMeter: Generating Dashboard
2025-07-19 21:43:53,847 INFO o.a.j.r.d.ReportGenerator: Flushing result collector before report Generation
2025-07-19 21:43:53,869 INFO o.a.j.r.p.NormalizerSampleConsumer: Using format, 'ms', to parse timeStamp field
2025-07-19 21:43:53,914 INFO o.a.j.r.p.AbstractSampleConsumer: class org.apache.jmeter.report.processor.AggregateConsumer#stopProducing(): beginDate produced 0 samples
2025-07-19 21:43:53,914 INFO o.a.j.r.p.AbstractSampleConsumer: class org.apache.jmeter.report.processor.AggregateConsumer#stopProducing(): endDate produced 0 samples
2025-07-19 21:43:53,916 INFO o.a.j.r.p.AbstractSampleConsumer: class org.apache.jmeter.report.processor.ApdexSummaryConsumer#stopProducing(): apdexSummary produced 0 samples
2025-07-19 21:43:53,917 INFO o.a.j.r.p.AbstractSampleConsumer: class org.apache.jmeter.report.processor.RequestsSummaryConsumer#stopProducing(): requestsSummary produced 0 samples
2025-07-19 21:43:53,919 INFO o.a.j.r.p.AbstractSampleConsumer: class org.apache.jmeter.report.processor.StatisticsSummaryConsumer#stopProducing(): statisticsSummary produced 0 samples
2025-07-19 21:43:53,921 INFO o.a.j.r.p.AbstractSampleConsumer: class org.apache.jmeter.report.processor.Top5ErrorsBySamplerConsumer#stopProducing(): top5ErrorsBySampler produced 0 samples
2025-07-19 21:43:53,921 INFO o.a.j.r.p.AbstractSampleConsumer: class org.apache.jmeter.report.processor.ErrorsSummaryConsumer#stopProducing(): errorsSummary produced 0 samples
2025-07-19 21:43:53,921 INFO o.a.j.r.p.AbstractSampleConsumer: class org.apache.jmeter.report.processor.graph.impl.HitsPerSecondGraphConsumer#stopProducing(): hitsPerSecond produced 0 samples
2025-07-19 21:43:53,945 INFO o.a.j.r.p.AbstractSampleConsumer: class org.apache.jmeter.report.processor.graph.impl.LatencyVSRequestGraphConsumer#stopProducing(): latencyVsRequest produced 0 samples
2025-07-19 21:43:53,945 INFO o.a.j.r.p.AbstractSampleConsumer: class org.apache.jmeter.report.processor.graph.impl.SyntheticResponseTimeDistributionGraphConsumer#stopProducing(): syntheticResponseTimeDistribution produced 0 samples
2025-07-19 21:43:53,946 INFO o.a.j.r.p.AbstractSampleConsumer: class org.apache.jmeter.report.processor.graph.impl.BytesThroughputGraphConsumer#stopProducing(): bytesThroughputOverTime produced 0 samples
2025-07-19 21:43:53,946 INFO o.a.j.r.p.AbstractSampleConsumer: class org.apache.jmeter.report.processor.graph.impl.CodesPerSecondGraphConsumer#stopProducing(): codesPerSecond produced 0 samples
2025-07-19 21:43:53,949 INFO o.a.j.r.p.AbstractSampleConsumer: class org.apache.jmeter.report.processor.graph.impl.ResponseTimeVSRequestGraphConsumer#stopProducing(): responseTimeVsRequest produced 0 samples
2025-07-19 21:43:53,950 INFO o.a.j.r.p.AbstractSampleConsumer: class org.apache.jmeter.report.processor.FilterConsumer#stopProducing(): startIntervalControlerFilter produced 140 samples
2025-07-19 21:43:53,950 INFO o.a.j.r.p.AbstractSampleConsumer: class org.apache.jmeter.report.processor.graph.impl.TotalTPSGraphConsumer#stopProducing(): totalTPS produced 0 samples
2025-07-19 21:43:53,950 INFO o.a.j.r.p.AbstractSampleConsumer: class org.apache.jmeter.report.processor.graph.impl.ActiveThreadsGraphConsumer#stopProducing(): activeThreadsOverTime produced 0 samples
2025-07-19 21:43:53,950 INFO o.a.j.r.p.AbstractSampleConsumer: class org.apache.jmeter.report.processor.graph.impl.TimeVSThreadGraphConsumer#stopProducing(): timeVsThreads produced 0 samples
2025-07-19 21:43:53,950 INFO o.a.j.r.p.AbstractSampleConsumer: class org.apache.jmeter.report.processor.graph.impl.ResponseTimeDistributionGraphConsumer#stopProducing(): responseTimeDistribution produced 0 samples
2025-07-19 21:43:53,950 INFO o.a.j.r.p.AbstractSampleConsumer: class org.apache.jmeter.report.processor.graph.impl.TransactionsPerSecondGraphConsumer#stopProducing(): transactionsPerSecond produced 0 samples
2025-07-19 21:43:53,950 INFO o.a.j.r.p.AbstractSampleConsumer: class org.apache.jmeter.report.processor.graph.impl.ResponseTimePercentilesGraphConsumer#stopProducing(): responseTimePercentiles produced 0 samples
2025-07-19 21:43:53,951 INFO o.a.j.r.p.AbstractSampleConsumer: class org.apache.jmeter.report.processor.graph.impl.ResponseTimePercentilesOverTimeGraphConsumer#stopProducing(): responseTimePercentilesOverTime produced 0 samples
2025-07-19 21:43:53,952 INFO o.a.j.r.p.AbstractSampleConsumer: class org.apache.jmeter.report.processor.graph.impl.ResponseTimeOverTimeGraphConsumer#stopProducing(): responseTimesOverTime produced 0 samples
2025-07-19 21:43:53,952 INFO o.a.j.r.p.AbstractSampleConsumer: class org.apache.jmeter.report.processor.graph.impl.ConnectTimeOverTimeGraphConsumer#stopProducing(): connectTimeOverTime produced 0 samples
2025-07-19 21:43:53,952 INFO o.a.j.r.p.AbstractSampleConsumer: class org.apache.jmeter.report.processor.graph.impl.LatencyOverTimeGraphConsumer#stopProducing(): latenciesOverTime produced 0 samples
2025-07-19 21:43:53,952 INFO o.a.j.r.p.AbstractSampleConsumer: class org.apache.jmeter.report.processor.FilterConsumer#stopProducing(): nameFilter produced 300 samples
2025-07-19 21:43:53,952 INFO o.a.j.r.p.AbstractSampleConsumer: class org.apache.jmeter.report.processor.FilterConsumer#stopProducing(): dateRangeFilter produced 60 samples
2025-07-19 21:43:53,952 INFO o.a.j.r.p.AbstractSampleConsumer: class org.apache.jmeter.report.processor.NormalizerSampleConsumer#stopProducing(): normalizer produced 20 samples
2025-07-19 21:43:53,952 INFO o.a.j.r.p.CsvFileSampleSource: produce(): 20 samples produced in 64ms on channel 0
2025-07-19 21:43:53,952 INFO o.a.j.r.d.ReportGenerator: Exporting data using exporter:'json' of className:'org.apache.jmeter.report.dashboard.JsonExporter'
2025-07-19 21:43:54,011 INFO o.a.j.r.d.JsonExporter: Found data for consumer statisticsSummary in context
2025-07-19 21:43:54,011 INFO o.a.j.r.d.JsonExporter: Creating statistics for overall
2025-07-19 21:43:54,011 INFO o.a.j.r.d.JsonExporter: Creating statistics for other transactions
2025-07-19 21:43:54,012 INFO o.a.j.r.d.JsonExporter: Checking output folder
2025-07-19 21:43:54,012 INFO o.a.j.r.d.JsonExporter: Writing statistics JSON to D:\Automation_Testing\Jmeter\Spotify API Testing Project\HTML_REPORTS\REPORT_20250719_214343\statistics.json
2025-07-19 21:43:54,044 INFO o.a.j.r.d.ReportGenerator: Exporting data using exporter:'html' of className:'org.apache.jmeter.report.dashboard.HtmlTemplateExporter'
2025-07-19 21:43:54,047 INFO o.a.j.r.d.HtmlTemplateExporter: Will generate dashboard in folder: D:\Automation_Testing\Jmeter\Spotify API Testing Project\HTML_REPORTS\REPORT_20250719_214343
2025-07-19 21:43:54,150 INFO o.a.j.r.d.HtmlTemplateExporter: Report will be generated in: D:\Automation_Testing\Jmeter\Spotify API Testing Project\HTML_REPORTS\REPORT_20250719_214343, creating folder structure
2025-07-19 21:43:54,152 INFO o.a.j.r.d.TemplateVisitor: Copying folder from 'D:\Automation_Testing\Jmeter\apache-jmeter-5.6.3\bin\report-template' to 'D:\Automation_Testing\Jmeter\Spotify API Testing Project\HTML_REPORTS\REPORT_20250719_214343', got message: D:\Automation_Testing\Jmeter\Spotify API Testing Project\HTML_REPORTS\REPORT_20250719_214343, found non empty folder with following content [D:\Automation_Testing\Jmeter\Spotify API Testing Project\HTML_REPORTS\REPORT_20250719_214343\statistics.json], will be ignored
2025-07-19 21:43:54,433 INFO o.a.j.JMeter: Dashboard generated
